<?xml version="1.0" encoding="UTF-8"?>
<testng-results skipped="0" failed="1" total="1" passed="0">
  <reporter-output>
    <line>
      <![CDATA[Checking for the Search Bar of TripAdvisor Home Page]]>
    </line>
    <line>
      <![CDATA[Clicked on search icon with required text]]>
    </line>
    <line>
      <![CDATA[Connected to switch tab to new tab]]>
    </line>
    <line>
      <![CDATA[Connected to switch tab, to new tab, Failed]]>
    </line>
    <line>
      <![CDATA[Connected to switch tab to new tab]]>
    </line>
    <line>
      <![CDATA[Connected to switch tab to new tab]]>
    </line>
  </reporter-output>
  <suite name="Default suite" duration-ms="80593" started-at="2020-03-16T12:30:06Z" finished-at="2020-03-16T12:31:26Z">
    <groups>
      <group name="MahindraTest">
        <method signature="TripAdvisorTest.runAmazonTest(java.lang.String, java.lang.String, java.lang.String, java.lang.String)[pri:0, instance:com.tripadvisor.mahindratest.TripAdvisorTest@340f438e]" name="runAmazonTest" class="com.tripadvisor.mahindratest.TripAdvisorTest"/>
      </group> <!-- MahindraTest -->
    </groups>
    <test name="Default test" duration-ms="80593" started-at="2020-03-16T12:30:06Z" finished-at="2020-03-16T12:31:26Z">
      <class name="com.tripadvisor.mahindratest.TripAdvisorTest">
        <test-method status="PASS" signature="DriverInstantiation()[pri:0, instance:com.tripadvisor.mahindratest.TripAdvisorTest@340f438e]" name="DriverInstantiation" is-config="true" duration-ms="12117" started-at="2020-03-16T18:00:06Z" finished-at="2020-03-16T18:00:18Z">
          <reporter-output>
          </reporter-output>
        </test-method> <!-- DriverInstantiation -->
        <test-method status="FAIL" signature="runAmazonTest(java.lang.String, java.lang.String, java.lang.String, java.lang.String)[pri:0, instance:com.tripadvisor.mahindratest.TripAdvisorTest@340f438e]" name="runAmazonTest" duration-ms="62553" started-at="2020-03-16T18:00:18Z" data-provider="TestDataMahindra" finished-at="2020-03-16T18:01:21Z">
          <params>
            <param index="0">
              <value>
                <![CDATA[Club Mahindra]]>
              </value>
            </param>
            <param index="1">
              <value>
                <![CDATA[Some Title]]>
              </value>
            </param>
            <param index="2">
              <value>
                <![CDATA[No Comments because the place is awesome]]>
              </value>
            </param>
            <param index="3">
              <value>
                <![CDATA[https://www.tripadvisor.in/]]>
              </value>
            </param>
          </params>
          <exception class="org.openqa.selenium.NoSuchElementException">
            <message>
              <![CDATA[no such element: Unable to locate element: {"method":"xpath","selector":"//div[@class='easyClear bigRatingParent']//following-sibling::span[@id='bubble_rating']"}
  (Session info: chrome=80.0.3987.132)
For documentation on this error, please visit: https://www.seleniumhq.org/exceptions/no_such_element.html
Build info: version: '3.141.59', revision: 'e82be7d358', time: '2018-11-14T08:17:03'
System info: host: 'BDC7-L-FCKZ5M2', ip: '10.18.2.14', os.name: 'Windows 10', os.arch: 'amd64', os.version: '10.0', java.version: '1.8.0_241'
Driver info: org.openqa.selenium.chrome.ChromeDriver
Capabilities {acceptInsecureCerts: false, browserName: chrome, browserVersion: 80.0.3987.132, chrome: {chromedriverVersion: 80.0.3987.106 (f68069574609..., userDataDir: C:\Users\TAUSIF~1.BAS\AppDa...}, goog:chromeOptions: {debuggerAddress: localhost:50623}, javascriptEnabled: true, networkConnectionEnabled: false, pageLoadStrategy: normal, platform: WINDOWS, platformName: WINDOWS, proxy: Proxy(), setWindowRect: true, strictFileInteractability: false, timeouts: {implicit: 0, pageLoad: 300000, script: 30000}, unhandledPromptBehavior: dismiss and notify}
Session ID: a2399b20026e0e21b0d4f48f85938332
*** Element info: {Using=xpath, value=//div[@class='easyClear bigRatingParent']//following-sibling::span[@id='bubble_rating']}]]>
            </message>
            <full-stacktrace>
              <![CDATA[org.openqa.selenium.NoSuchElementException: no such element: Unable to locate element: {"method":"xpath","selector":"//div[@class='easyClear bigRatingParent']//following-sibling::span[@id='bubble_rating']"}
  (Session info: chrome=80.0.3987.132)
For documentation on this error, please visit: https://www.seleniumhq.org/exceptions/no_such_element.html
Build info: version: '3.141.59', revision: 'e82be7d358', time: '2018-11-14T08:17:03'
System info: host: 'BDC7-L-FCKZ5M2', ip: '10.18.2.14', os.name: 'Windows 10', os.arch: 'amd64', os.version: '10.0', java.version: '1.8.0_241'
Driver info: org.openqa.selenium.chrome.ChromeDriver
Capabilities {acceptInsecureCerts: false, browserName: chrome, browserVersion: 80.0.3987.132, chrome: {chromedriverVersion: 80.0.3987.106 (f68069574609..., userDataDir: C:\Users\TAUSIF~1.BAS\AppDa...}, goog:chromeOptions: {debuggerAddress: localhost:50623}, javascriptEnabled: true, networkConnectionEnabled: false, pageLoadStrategy: normal, platform: WINDOWS, platformName: WINDOWS, proxy: Proxy(), setWindowRect: true, strictFileInteractability: false, timeouts: {implicit: 0, pageLoad: 300000, script: 30000}, unhandledPromptBehavior: dismiss and notify}
Session ID: a2399b20026e0e21b0d4f48f85938332
*** Element info: {Using=xpath, value=//div[@class='easyClear bigRatingParent']//following-sibling::span[@id='bubble_rating']}
	at sun.reflect.NativeConstructorAccessorImpl.newInstance0(Native Method)
	at sun.reflect.NativeConstructorAccessorImpl.newInstance(NativeConstructorAccessorImpl.java:62)
	at sun.reflect.DelegatingConstructorAccessorImpl.newInstance(DelegatingConstructorAccessorImpl.java:45)
	at java.lang.reflect.Constructor.newInstance(Constructor.java:423)
	at org.openqa.selenium.remote.http.W3CHttpResponseCodec.createException(W3CHttpResponseCodec.java:187)
	at org.openqa.selenium.remote.http.W3CHttpResponseCodec.decode(W3CHttpResponseCodec.java:122)
	at org.openqa.selenium.remote.http.W3CHttpResponseCodec.decode(W3CHttpResponseCodec.java:49)
	at org.openqa.selenium.remote.HttpCommandExecutor.execute(HttpCommandExecutor.java:158)
	at org.openqa.selenium.remote.service.DriverCommandExecutor.execute(DriverCommandExecutor.java:83)
	at org.openqa.selenium.remote.RemoteWebDriver.execute(RemoteWebDriver.java:552)
	at org.openqa.selenium.remote.RemoteWebDriver.findElement(RemoteWebDriver.java:323)
	at org.openqa.selenium.remote.RemoteWebDriver.findElementByXPath(RemoteWebDriver.java:428)
	at org.openqa.selenium.By$ByXPath.findElement(By.java:353)
	at org.openqa.selenium.remote.RemoteWebDriver.findElement(RemoteWebDriver.java:315)
	at org.openqa.selenium.support.pagefactory.DefaultElementLocator.findElement(DefaultElementLocator.java:69)
	at org.openqa.selenium.support.pagefactory.internal.LocatingElementHandler.invoke(LocatingElementHandler.java:38)
	at com.sun.proxy.$Proxy9.getSize(Unknown Source)
	at com.tripadvisor.mahindra.pageactions.MahindraWriteReviewActions.returnWidth(MahindraWriteReviewActions.java:106)
	at com.tripadvisor.mahindratest.TripAdvisorTest.runAmazonTest(TripAdvisorTest.java:64)
	at sun.reflect.NativeMethodAccessorImpl.invoke0(Native Method)
	at sun.reflect.NativeMethodAccessorImpl.invoke(NativeMethodAccessorImpl.java:62)
	at sun.reflect.DelegatingMethodAccessorImpl.invoke(DelegatingMethodAccessorImpl.java:43)
	at java.lang.reflect.Method.invoke(Method.java:498)
	at org.testng.internal.MethodInvocationHelper.invokeMethod(MethodInvocationHelper.java:86)
	at org.testng.internal.Invoker.invokeMethod(Invoker.java:645)
	at org.testng.internal.Invoker.invokeTestMethod(Invoker.java:822)
	at org.testng.internal.Invoker.invokeTestMethods(Invoker.java:1130)
	at org.testng.internal.TestMethodWorker.invokeTestMethods(TestMethodWorker.java:129)
	at org.testng.internal.TestMethodWorker.run(TestMethodWorker.java:112)
	at org.testng.TestRunner.privateRun(TestRunner.java:782)
	at org.testng.TestRunner.run(TestRunner.java:632)
	at org.testng.SuiteRunner.runTest(SuiteRunner.java:366)
	at org.testng.SuiteRunner.runSequentially(SuiteRunner.java:361)
	at org.testng.SuiteRunner.privateRun(SuiteRunner.java:319)
	at org.testng.SuiteRunner.run(SuiteRunner.java:268)
	at org.testng.SuiteRunnerWorker.runSuite(SuiteRunnerWorker.java:52)
	at org.testng.SuiteRunnerWorker.run(SuiteRunnerWorker.java:86)
	at org.testng.TestNG.runSuitesSequentially(TestNG.java:1244)
	at org.testng.TestNG.runSuitesLocally(TestNG.java:1169)
	at org.testng.TestNG.run(TestNG.java:1064)
	at org.testng.remote.RemoteTestNG.run(RemoteTestNG.java:113)
	at org.testng.remote.RemoteTestNG.initAndRun(RemoteTestNG.java:206)
	at org.testng.remote.RemoteTestNG.main(RemoteTestNG.java:177)
]]>
            </full-stacktrace>
          </exception> <!-- org.openqa.selenium.NoSuchElementException -->
          <reporter-output>
            <line>
              <![CDATA[Checking for the Search Bar of TripAdvisor Home Page]]>
            </line>
            <line>
              <![CDATA[Clicked on search icon with required text]]>
            </line>
            <line>
              <![CDATA[Connected to switch tab to new tab]]>
            </line>
            <line>
              <![CDATA[Connected to switch tab, to new tab, Failed]]>
            </line>
            <line>
              <![CDATA[Connected to switch tab to new tab]]>
            </line>
            <line>
              <![CDATA[Connected to switch tab to new tab]]>
            </line>
          </reporter-output>
        </test-method> <!-- runAmazonTest -->
        <test-method status="PASS" signature="cleanUp()[pri:0, instance:com.tripadvisor.mahindratest.TripAdvisorTest@340f438e]" name="cleanUp" is-config="true" duration-ms="5894" started-at="2020-03-16T18:01:21Z" finished-at="2020-03-16T18:01:26Z">
          <reporter-output>
          </reporter-output>
        </test-method> <!-- cleanUp -->
      </class> <!-- com.tripadvisor.mahindratest.TripAdvisorTest -->
    </test> <!-- Default test -->
  </suite> <!-- Default suite -->
</testng-results>
